\BOOKMARK [0][-]{chapter.1}{Introduction}{}% 1
\BOOKMARK [0][-]{chapter.2}{Week\0401}{}% 2
\BOOKMARK [1][-]{section.2.1}{Learnings}{chapter.2}% 3
\BOOKMARK [1][-]{section.2.2}{Paper}{chapter.2}% 4
\BOOKMARK [1][-]{section.2.3}{Meeting}{chapter.2}% 5
\BOOKMARK [0][-]{chapter.3}{Week\0402}{}% 6
\BOOKMARK [1][-]{section.3.1}{Learnings}{chapter.3}% 7
\BOOKMARK [1][-]{section.3.2}{Paper}{chapter.3}% 8
\BOOKMARK [1][-]{section.3.3}{Meeting}{chapter.3}% 9
\BOOKMARK [0][-]{chapter.4}{Week\0403}{}% 10
\BOOKMARK [1][-]{section.4.1}{Learnings}{chapter.4}% 11
\BOOKMARK [1][-]{section.4.2}{Paper}{chapter.4}% 12
\BOOKMARK [1][-]{section.4.3}{Meeting}{chapter.4}% 13
\BOOKMARK [0][-]{chapter.5}{Week\0404}{}% 14
\BOOKMARK [1][-]{section.5.1}{Learnings}{chapter.5}% 15
\BOOKMARK [1][-]{section.5.2}{Paper}{chapter.5}% 16
\BOOKMARK [1][-]{section.5.3}{Meeting}{chapter.5}% 17
\BOOKMARK [1][-]{section.5.4}{Device\040Classification\040Assignment}{chapter.5}% 18
\BOOKMARK [0][-]{chapter.6}{Week\0405}{}% 19
\BOOKMARK [1][-]{section.6.1}{Learnings}{chapter.6}% 20
\BOOKMARK [1][-]{section.6.2}{Meeting}{chapter.6}% 21
\BOOKMARK [0][-]{chapter.7}{Week\0406}{}% 22
\BOOKMARK [1][-]{section.7.1}{Learnings}{chapter.7}% 23
\BOOKMARK [1][-]{section.7.2}{Paper}{chapter.7}% 24
\BOOKMARK [1][-]{section.7.3}{Meeting}{chapter.7}% 25
\BOOKMARK [0][-]{chapter.8}{Week\0407}{}% 26
\BOOKMARK [1][-]{section.8.1}{Learnings}{chapter.8}% 27
\BOOKMARK [1][-]{section.8.2}{Paper}{chapter.8}% 28
\BOOKMARK [1][-]{section.8.3}{Meeting}{chapter.8}% 29
\BOOKMARK [1][-]{section.8.4}{Question\040Prep}{chapter.8}% 30
\BOOKMARK [0][-]{chapter.9}{CH\040Talk\040and\040Q&A}{}% 31
\BOOKMARK [0][-]{chapter.10}{Week\0408}{}% 32
\BOOKMARK [1][-]{section.10.1}{Learnings}{chapter.10}% 33
\BOOKMARK [1][-]{section.10.2}{Paper}{chapter.10}% 34
\BOOKMARK [1][-]{section.10.3}{Meeting}{chapter.10}% 35
\BOOKMARK [0][-]{chapter.11}{Week\0409}{}% 36
\BOOKMARK [1][-]{section.11.1}{Learnings}{chapter.11}% 37
\BOOKMARK [1][-]{section.11.2}{Paper}{chapter.11}% 38
\BOOKMARK [1][-]{section.11.3}{Meeting}{chapter.11}% 39
\BOOKMARK [0][-]{chapter.12}{Week\04010}{}% 40
\BOOKMARK [1][-]{section.12.1}{Learnings}{chapter.12}% 41
\BOOKMARK [1][-]{section.12.2}{Paper}{chapter.12}% 42
\BOOKMARK [1][-]{section.12.3}{Meeting}{chapter.12}% 43
\BOOKMARK [0][-]{chapter.13}{Week\04011}{}% 44
\BOOKMARK [1][-]{section.13.1}{Learnings}{chapter.13}% 45
\BOOKMARK [1][-]{section.13.2}{Paper}{chapter.13}% 46
\BOOKMARK [1][-]{section.13.3}{Meeting}{chapter.13}% 47
\BOOKMARK [0][-]{chapter.14}{Week\04012}{}% 48
\BOOKMARK [1][-]{section.14.1}{Learnings}{chapter.14}% 49
\BOOKMARK [1][-]{section.14.2}{Paper}{chapter.14}% 50
\BOOKMARK [1][-]{section.14.3}{Meeting}{chapter.14}% 51
